{"level":"info","message":"Rahul Entry Home page","timestamp":"2017-11-05T21:37:01.643Z"}
{"level":"info","message":"Rahul Entry host1 page","timestamp":"2017-11-05T21:37:13.254Z"}
{"level":"info","message":"ggjhjhjhj Entry Home page","timestamp":"2017-11-05T21:39:30.165Z"}
{"level":"info","message":"jhgh Entry Home page","timestamp":"2017-11-05T21:41:08.643Z"}
{"level":"info","message":"jhgh Entry host1 page","timestamp":"2017-11-05T21:41:12.941Z"}
{"level":"info","message":"jhgh Entry Home page","timestamp":"2017-11-05T21:41:16.430Z"}
{"level":"info","message":"ggjhjhjhj Entry host1 page","timestamp":"2017-11-05T21:41:37.170Z"}
{"level":"info","message":"ggjhjhjhj Entry Home page","timestamp":"2017-11-05T21:41:39.381Z"}

{"level":"info","message":"Entry Login page","timestamp":"2017-11-06T21:39:03.705Z"}
{"level":"info","message":"undefined Entry Home page","timestamp":"2017-11-06T21:41:22.743Z"}
{"level":"info","message":"undefined Entry Home page","timestamp":"2017-11-06T21:42:12.340Z"}
{"level":"info","message":"Rahul Logout page","timestamp":"2017-11-06T21:42:22.720Z"}
{"level":"info","message":"Entry Login page","timestamp":"2017-11-06T21:42:34.097Z"}
{"level":"info","message":"Rahul Entry Home page","timestamp":"2017-11-06T21:42:34.175Z"}
{"level":"info","message":"undefined Entry Home page","timestamp":"2017-11-06T21:47:38.816Z"}
{"level":"info","message":"Entry Login page","timestamp":"2017-11-06T21:51:44.097Z"}
{"level":"info","message":"Rahul Entry Home page","timestamp":"2017-11-06T21:51:44.235Z"}
{"level":"info","message":"undefined Entry Home page","timestamp":"2017-11-06T23:52:43.904Z"}
{"level":"info","message":"Entry Login page","timestamp":"2017-11-06T23:57:06.661Z"}
{"level":"info","message":"Rahul Entry Home page","timestamp":"2017-11-06T23:57:06.820Z"}
{"level":"info","message":"undefined Entry Home page","timestamp":"2017-11-07T00:21:40.182Z"}
{"level":"info","message":"Rahul Logout page","timestamp":"2017-11-07T00:22:41.171Z"}
{"level":"info","message":"Entry Login page","timestamp":"2017-11-07T00:23:11.353Z"}
{"level":"info","message":"Rahul Entry Home page","timestamp":"2017-11-07T00:23:11.518Z"}
{"level":"info","message":"undefined Entry Home page","timestamp":"2017-11-09T00:58:50.053Z"}
{"level":"info","message":"undefined Entry Home page","timestamp":"2017-11-09T00:58:58.485Z"}
{"level":"info","message":"undefined Entry Home page","timestamp":"2017-11-09T01:00:58.514Z"}
{"level":"info","message":"undefined Entry Home page","timestamp":"2017-11-09T01:01:19.528Z"}
{"level":"info","message":"undefined Entry Home page","timestamp":"2017-11-09T01:02:35.528Z"}
{"level":"info","message":"undefined Logout page","timestamp":"2017-11-09T01:02:38.363Z"}
{"level":"info","message":"undefined Entry Home page","timestamp":"2017-11-09T01:03:18.495Z"}
{"level":"info","message":"undefined Entry Home page","timestamp":"2017-11-09T01:05:18.505Z"}
{"level":"info","message":"undefined Entry Home page","timestamp":"2017-11-09T01:07:18.517Z"}
{"level":"info","message":"undefined Entry Home page","timestamp":"2017-11-09T01:17:24.770Z"}
{"level":"info","message":"undefined Entry Home page","timestamp":"2017-11-09T01:18:55.448Z"}
{"level":"info","message":"undefined Entry Home page","timestamp":"2017-11-09T01:19:28.588Z"}
{"level":"info","message":"undefined Entry Home page","timestamp":"2017-11-09T01:21:28.591Z"}
{"level":"info","message":"undefined Entry Home page","timestamp":"2017-11-09T01:28:13.187Z"}
{"level":"info","message":"undefined Entry Home page","timestamp":"2017-11-09T01:29:34.358Z"}
{"level":"info","message":"undefined Entry Home page","timestamp":"2017-11-09T01:29:44.957Z"}
{"level":"info","message":"undefined Entry Home page","timestamp":"2017-11-09T01:30:22.364Z"}
{"level":"info","message":"undefined Entry Home page","timestamp":"2017-11-09T01:30:35.183Z"}
{"level":"info","message":"undefined Entry Home page","timestamp":"2017-11-09T01:32:35.175Z"}
{"level":"info","message":"undefined Entry Home page","timestamp":"2017-11-09T01:47:02.405Z"}
{"level":"info","message":"undefined Entry Home page","timestamp":"2017-11-09T01:48:24.446Z"}
{"level":"info","message":"undefined Entry Home page","timestamp":"2017-11-09T01:48:58.935Z"}
{"level":"info","message":"undefined Entry Home page","timestamp":"2017-11-09T01:50:47.675Z"}
{"level":"info","message":"undefined Entry Home page","timestamp":"2017-11-09T01:51:59.501Z"}
{"level":"info","message":"undefined Entry Home page","timestamp":"2017-11-09T01:52:48.321Z"}
{"level":"info","message":"undefined Entry Home page","timestamp":"2017-11-09T02:08:00.415Z"}
{"level":"info","message":"undefined Entry Home page","timestamp":"2017-11-09T02:08:31.291Z"}
{"level":"info","message":"undefined Entry Home page","timestamp":"2017-11-09T02:10:16.424Z"}
{"level":"info","message":"undefined Entry Home page","timestamp":"2017-11-09T02:10:54.433Z"}
{"level":"info","message":"undefined Entry Home page","timestamp":"2017-11-09T02:11:17.028Z"}
{"level":"info","message":"undefined Entry Home page","timestamp":"2017-11-09T02:16:23.694Z"}
{"level":"info","message":"undefined Entry Home page","timestamp":"2017-11-09T02:17:28.273Z"}
{"level":"info","message":"undefined Entry Home page","timestamp":"2017-11-09T02:17:55.420Z"}
{"level":"info","message":"undefined Entry Home page","timestamp":"2017-11-09T02:19:39.158Z"}
{"level":"info","message":"undefined Entry Home page","timestamp":"2017-11-09T02:22:40.144Z"}
{"level":"info","message":"undefined Entry Home page","timestamp":"2017-11-09T02:23:09.111Z"}
{"level":"info","message":"undefined Entry Home page","timestamp":"2017-11-09T02:23:23.910Z"}
{"level":"info","message":"undefined Entry Home page","timestamp":"2017-11-09T02:23:58.564Z"}
{"level":"info","message":"undefined Entry Home page","timestamp":"2017-11-09T02:24:55.375Z"}
{"level":"info","message":"undefined Entry Home page","timestamp":"2017-11-09T02:25:12.415Z"}
{"level":"info","message":"undefined Entry Home page","timestamp":"2017-11-09T02:26:01.065Z"}
{"level":"info","message":"undefined Entry Home page","timestamp":"2017-11-09T02:26:32.054Z"}
{"level":"info","message":"undefined Entry Home page","timestamp":"2017-11-09T02:26:58.545Z"}
{"level":"info","message":"undefined Entry Home page","timestamp":"2017-11-09T02:27:21.417Z"}
{"level":"info","message":"undefined Entry Home page","timestamp":"2017-11-09T02:27:23.714Z"}
{"level":"info","message":"undefined Entry Home page","timestamp":"2017-11-09T02:27:42.496Z"}
{"level":"info","message":"undefined Entry Home page","timestamp":"2017-11-09T02:29:21.847Z"}
{"level":"info","message":"undefined Entry Home page","timestamp":"2017-11-09T02:30:58.013Z"}
{"level":"info","message":"undefined Entry Home page","timestamp":"2017-11-09T02:39:35.232Z"}
{"level":"info","message":"undefined Entry Home page","timestamp":"2017-11-09T02:44:29.281Z"}
{"level":"info","message":"undefined Entry Home page","timestamp":"2017-11-09T02:45:43.762Z"}
{"level":"info","message":"undefined Entry Home page","timestamp":"2017-11-09T02:48:00.561Z"}
{"level":"info","message":"undefined Entry Home page","timestamp":"2017-11-09T02:48:32.299Z"}
{"level":"info","message":"undefined Entry Home page","timestamp":"2017-11-09T02:48:44.036Z"}
{"level":"info","message":"undefined Entry Home page","timestamp":"2017-11-09T02:49:23.368Z"}
{"level":"info","message":"Entry Login page","timestamp":"2017-11-09T12:47:13.530Z"}
{"level":"info","message":"Rahul Entry Home page","timestamp":"2017-11-09T12:47:13.775Z"}
{"level":"info","message":"undefined Entry Home page","timestamp":"2017-11-09T13:50:20.017Z"}
{"level":"info","message":"undefined Entry Home page","timestamp":"2017-11-09T14:02:19.938Z"}
{"level":"info","message":"undefined Entry Home page","timestamp":"2017-11-09T14:04:05.591Z"}
{"level":"info","message":"undefined Entry Home page","timestamp":"2017-11-09T14:04:38.739Z"}
{"level":"info","message":"undefined Logout page","timestamp":"2017-11-09T14:04:58.269Z"}
{"level":"info","message":"Entry Login page","timestamp":"2017-11-09T14:05:14.098Z"}
{"level":"info","message":"Rahul Entry Home page","timestamp":"2017-11-09T14:05:14.568Z"}
{"level":"info","message":"Entry Login page","timestamp":"2017-11-09T22:34:25.742Z"}
{"level":"info","message":"Ramu Entry Home page","timestamp":"2017-11-09T22:34:26.520Z"}
{"level":"info","message":"undefined Entry Home page","timestamp":"2017-11-09T22:35:11.042Z"}
{"level":"info","message":"Entry Login page","timestamp":"2017-11-09T22:35:20.510Z"}
{"level":"info","message":"Ramu Entry Home page","timestamp":"2017-11-09T22:35:20.787Z"}
{"level":"info","message":"Entry Login page","timestamp":"2017-11-09T23:22:50.346Z"}
{"level":"info","message":"Ramu Entry Home page","timestamp":"2017-11-09T23:22:50.980Z"}
{"level":"info","message":"Ramu Logout page","timestamp":"2017-11-09T23:26:44.538Z"}
{"level":"info","message":"Entry Login page","timestamp":"2017-11-09T23:27:03.186Z"}
{"level":"info","message":"Ramu Entry Home page","timestamp":"2017-11-09T23:27:03.638Z"}
{"level":"info","message":"Ramu Logout page","timestamp":"2017-11-09T23:29:10.281Z"}
{"level":"info","message":"Entry Login page","timestamp":"2017-11-09T23:29:41.359Z"}
{"level":"info","message":"Ramu Entry Home page","timestamp":"2017-11-09T23:29:41.897Z"}
{"level":"info","message":"Entry Login page","timestamp":"2017-11-09T23:31:07.797Z"}
{"level":"info","message":"Ramu Entry Home page","timestamp":"2017-11-09T23:31:08.886Z"}
{"level":"info","message":"undefined Entry Home page","timestamp":"2017-11-09T23:32:09.465Z"}
{"level":"info","message":"Entry Login page","timestamp":"2017-11-09T23:32:24.309Z"}
{"level":"info","message":"Ramu Entry Home page","timestamp":"2017-11-09T23:32:24.788Z"}
{"level":"info","message":"Entry Login page","timestamp":"2017-11-09T23:33:18.167Z"}
{"level":"info","message":"Ramu Entry Home page","timestamp":"2017-11-09T23:33:18.672Z"}
{"level":"info","message":"Entry Login page","timestamp":"2017-11-09T23:34:37.843Z"}
{"level":"info","message":"Ramu Entry Home page","timestamp":"2017-11-09T23:34:38.344Z"}
{"level":"info","message":"Ramu Logout page","timestamp":"2017-11-09T23:41:45.344Z"}
{"level":"info","message":"Entry Login page","timestamp":"2017-11-09T23:42:04.386Z"}
{"level":"info","message":"Ramu Entry Home page","timestamp":"2017-11-09T23:42:04.870Z"}
{"level":"info","message":"Ramu Logout page","timestamp":"2017-11-09T23:42:58.545Z"}
{"level":"info","message":"Entry Login page","timestamp":"2017-11-09T23:43:08.016Z"}
{"level":"info","message":"Ramu Entry Home page","timestamp":"2017-11-09T23:43:08.994Z"}
{"level":"info","message":"Entry Login page","timestamp":"2017-11-09T23:53:50.757Z"}
{"level":"info","message":"Ramu Entry Home page","timestamp":"2017-11-09T23:53:51.287Z"}
{"level":"info","message":"Entry Login page","timestamp":"2017-11-09T23:54:29.053Z"}
{"level":"info","message":"Ramu Entry Home page","timestamp":"2017-11-09T23:54:30.177Z"}
{"level":"info","message":"Entry Login page","timestamp":"2017-11-09T23:58:40.636Z"}
{"level":"info","message":"Ramu Entry Home page","timestamp":"2017-11-09T23:58:41.370Z"}
{"level":"info","message":"Entry Login page","timestamp":"2017-11-10T00:01:17.598Z"}
{"level":"info","message":"Ramu Entry Home page","timestamp":"2017-11-10T00:01:18.818Z"}
{"level":"info","message":"Entry Login page","timestamp":"2017-11-10T00:03:26.347Z"}
{"level":"info","message":"Ramu Entry Home page","timestamp":"2017-11-10T00:03:27.051Z"}
{"level":"info","message":"undefined Entry Home page","timestamp":"2017-11-10T00:10:27.867Z"}
{"level":"info","message":"Entry Login page","timestamp":"2017-11-10T00:11:26.880Z"}
{"level":"info","message":"Ramu Entry Home page","timestamp":"2017-11-10T00:11:27.783Z"}
{"level":"info","message":"undefined Entry Home page","timestamp":"2017-11-10T00:16:39.362Z"}
{"level":"info","message":"Entry Login page","timestamp":"2017-11-10T00:18:04.452Z"}
{"level":"info","message":"Ramu Entry Home page","timestamp":"2017-11-10T00:18:05.248Z"}
{"level":"info","message":"Entry Login page","timestamp":"2017-11-10T00:35:39.627Z"}
{"level":"info","message":"Ramu Entry Home page","timestamp":"2017-11-10T00:36:12.305Z"}
{"level":"info","message":"Ramu Logout page","timestamp":"2017-11-10T00:40:24.607Z"}
{"level":"info","message":"undefined Logout page","timestamp":"2017-11-10T00:41:35.512Z"}
{"level":"info","message":"undefined Logout page","timestamp":"2017-11-10T00:41:35.767Z"}
{"level":"info","message":"undefined Entry Home page","timestamp":"2017-11-10T00:41:35.945Z"}
{"level":"info","message":"Entry Login page","timestamp":"2017-11-10T00:41:40.590Z"}
{"level":"info","message":"Ramu Entry Home page","timestamp":"2017-11-10T00:42:10.729Z"}
{"level":"info","message":"undefined Entry Home page","timestamp":"2017-11-10T00:45:01.596Z"}
{"level":"info","message":"Entry Login page","timestamp":"2017-11-10T00:45:03.000Z"}
{"level":"info","message":"Ramu Entry Home page","timestamp":"2017-11-10T00:45:23.021Z"}
{"level":"info","message":"undefined Entry Home page","timestamp":"2017-11-10T00:47:52.275Z"}
{"level":"info","message":"Ramu Logout page","timestamp":"2017-11-10T00:48:29.709Z"}
{"level":"info","message":"Entry Login page","timestamp":"2017-11-10T00:49:31.954Z"}
{"level":"info","message":"Ramu Entry Home page","timestamp":"2017-11-10T00:49:32.861Z"}
{"level":"info","message":"Entry Login page","timestamp":"2017-11-10T00:58:57.787Z"}
{"level":"info","message":"Ramu Entry Home page","timestamp":"2017-11-10T00:58:59.622Z"}
{"level":"info","message":"undefined Entry Home page","timestamp":"2017-11-10T01:00:47.047Z"}
{"level":"info","message":"Entry Login page","timestamp":"2017-11-10T01:02:23.410Z"}
{"level":"info","message":"Ramu Entry Home page","timestamp":"2017-11-10T01:02:23.721Z"}
{"level":"info","message":"Entry Login page","timestamp":"2017-11-10T01:03:40.553Z"}
{"level":"info","message":"Ramu Entry Home page","timestamp":"2017-11-10T01:03:40.841Z"}
{"level":"info","message":"undefined Entry Home page","timestamp":"2017-11-10T01:21:56.595Z"}
{"level":"info","message":"Entry Login page","timestamp":"2017-11-10T01:22:11.826Z"}
{"level":"info","message":"Ramu Entry Home page","timestamp":"2017-11-10T01:22:11.995Z"}
{"level":"info","message":"Ramu Logout page","timestamp":"2017-11-10T01:23:04.089Z"}
{"level":"info","message":"Entry Login page","timestamp":"2017-11-10T01:23:14.756Z"}
{"level":"info","message":"Ramu Entry Home page","timestamp":"2017-11-10T01:23:14.897Z"}
{"level":"info","message":"Ramu Logout page","timestamp":"2017-11-10T01:24:34.245Z"}
{"level":"info","message":"Entry Login page","timestamp":"2017-11-10T01:24:42.956Z"}
{"level":"info","message":"Ramu Entry Home page","timestamp":"2017-11-10T01:24:43.077Z"}
{"level":"info","message":"undefined Entry Home page","timestamp":"2017-11-10T01:37:37.851Z"}
{"level":"info","message":"Entry Login page","timestamp":"2017-11-10T01:38:01.283Z"}
{"level":"info","message":"Ramu Entry Home page","timestamp":"2017-11-10T01:38:01.521Z"}
{"level":"info","message":"undefined Entry Home page","timestamp":"2017-11-10T01:39:06.812Z"}
{"level":"info","message":"Entry Login page","timestamp":"2017-11-10T01:39:27.011Z"}
{"level":"info","message":"Ramu Entry Home page","timestamp":"2017-11-10T01:39:27.253Z"}
{"level":"info","message":"Ramu Logout page","timestamp":"2017-11-10T01:40:13.751Z"}
{"level":"info","message":"Entry Login page","timestamp":"2017-11-10T01:40:29.667Z"}
{"level":"info","message":"Ramu Entry Home page","timestamp":"2017-11-10T01:40:29.783Z"}
{"level":"info","message":"undefined Entry Home page","timestamp":"2017-11-10T01:43:21.654Z"}
{"level":"info","message":"Entry Login page","timestamp":"2017-11-10T02:19:39.459Z"}
{"level":"info","message":"Ramu Entry Home page","timestamp":"2017-11-10T02:19:39.710Z"}
{"level":"info","message":"undefined Entry Home page","timestamp":"2017-11-10T02:23:08.375Z"}
{"level":"info","message":"Entry Login page","timestamp":"2017-11-10T02:23:27.410Z"}
{"level":"info","message":"Entry Login page","timestamp":"2017-11-10T02:23:56.269Z"}
{"level":"info","message":"Ramu Entry Home page","timestamp":"2017-11-10T02:23:56.434Z"}
{"level":"info","message":"Entry Login page","timestamp":"2017-11-10T02:28:32.030Z"}
{"level":"info","message":"Ramu Entry Home page","timestamp":"2017-11-10T02:28:32.190Z"}
{"level":"info","message":"Entry Login page","timestamp":"2017-11-10T02:31:20.498Z"}
{"level":"info","message":"Ramu Entry Home page","timestamp":"2017-11-10T02:31:20.633Z"}
{"level":"info","message":"undefined Entry Home page","timestamp":"2017-11-10T02:35:40.241Z"}
{"level":"info","message":"Entry Login page","timestamp":"2017-11-10T02:42:48.686Z"}
{"level":"info","message":"Ramu Entry Home page","timestamp":"2017-11-10T02:42:48.888Z"}
{"level":"info","message":"Ramu Entry host1 page","timestamp":"2017-11-10T02:53:45.811Z"}
{"level":"info","message":"Entry Login page","timestamp":"2017-11-10T03:04:04.902Z"}
{"level":"info","message":"Entry Login page","timestamp":"2017-11-10T03:04:36.059Z"}
{"level":"info","message":"Ramu Entry Home page","timestamp":"2017-11-10T03:04:36.205Z"}
{"level":"info","message":"undefined Entry host12 page","timestamp":"2017-11-10T03:09:21.011Z"}
{"level":"info","message":"undefined Entry Home page","timestamp":"2017-11-10T03:21:53.861Z"}
{"level":"info","message":"Entry Login page","timestamp":"2017-11-10T03:22:10.814Z"}
{"level":"info","message":"Ramu Entry Home page","timestamp":"2017-11-10T03:22:10.963Z"}
{"level":"info","message":"undefined Entry Home page","timestamp":"2017-11-10T03:33:58.115Z"}
{"level":"info","message":"Entry Login page","timestamp":"2017-11-10T03:34:11.325Z"}
{"level":"info","message":"Ramu Entry Home page","timestamp":"2017-11-10T03:34:11.495Z"}
{"level":"info","message":"Ramu Logout page","timestamp":"2017-11-10T03:37:36.626Z"}
{"level":"info","message":"Entry Login page","timestamp":"2017-11-10T03:55:23.237Z"}
{"level":"info","message":"Ramu Entry Home page","timestamp":"2017-11-10T03:55:23.440Z"}
{"level":"info","message":"Ramu Logout page","timestamp":"2017-11-10T03:55:59.962Z"}
{"level":"info","message":"Entry Login page","timestamp":"2017-11-10T03:56:12.465Z"}
{"level":"info","message":"Ramu Entry Home page","timestamp":"2017-11-10T03:56:12.731Z"}
{"level":"info","message":"undefined Entry Home page","timestamp":"2017-11-10T04:01:06.050Z"}
{"level":"info","message":"Entry Login page","timestamp":"2017-11-10T04:01:23.076Z"}
{"level":"info","message":"Ramu Entry Home page","timestamp":"2017-11-10T04:01:23.233Z"}
{"level":"info","message":"Entry Login page","timestamp":"2017-11-10T04:02:23.900Z"}
{"level":"info","message":"Ramu Entry Home page","timestamp":"2017-11-10T04:02:24.085Z"}
{"level":"info","message":"undefined Entry host12 page","timestamp":"2017-11-10T04:02:26.109Z"}
{"level":"info","message":"undefined Entry host12 page","timestamp":"2017-11-10T04:04:58.043Z"}
{"level":"info","message":"Ramu Logout page","timestamp":"2017-11-10T04:41:39.124Z"}
{"level":"info","message":"Entry Login page","timestamp":"2017-11-10T04:42:57.550Z"}
{"level":"info","message":"Ramu Entry Home page","timestamp":"2017-11-10T04:42:57.657Z"}
{"level":"info","message":"undefined Entry host12 page","timestamp":"2017-11-10T04:43:02.432Z"}
{"level":"info","message":"undefined Entry host12 page","timestamp":"2017-11-10T04:45:02.429Z"}
{"level":"info","message":"undefined Entry host12 page","timestamp":"2017-11-10T04:47:49.900Z"}
{"level":"info","message":"undefined Entry host12 page","timestamp":"2017-11-10T06:11:27.534Z"}
{"level":"info","message":"undefined Entry host12 page","timestamp":"2017-11-10T06:13:27.538Z"}
{"level":"info","message":"undefined Entry host12 page","timestamp":"2017-11-10T06:17:52.044Z"}
{"level":"info","message":"undefined Entry host12 page","timestamp":"2017-11-10T06:19:49.961Z"}
{"level":"info","message":"undefined Entry host12 page","timestamp":"2017-11-10T06:22:16.522Z"}
{"level":"info","message":"undefined Entry host12 page","timestamp":"2017-11-10T06:23:06.565Z"}
{"level":"info","message":"undefined Entry host12 page","timestamp":"2017-11-10T06:31:15.994Z"}
{"level":"info","message":"undefined Entry host12 page","timestamp":"2017-11-10T06:31:35.767Z"}
{"level":"info","message":"Entry Login page","timestamp":"2017-11-10T06:44:14.983Z"}
{"level":"info","message":"Ramu Entry Home page","timestamp":"2017-11-10T06:44:15.228Z"}
{"level":"info","message":"undefined Entry Home page","timestamp":"2017-11-10T06:45:04.056Z"}
{"level":"info","message":"Entry Login page","timestamp":"2017-11-10T06:45:21.248Z"}
{"level":"info","message":"Ramu Entry Home page","timestamp":"2017-11-10T06:45:21.382Z"}
{"level":"info","message":"undefined Entry Home page","timestamp":"2017-11-10T06:50:09.099Z"}
{"level":"info","message":"Entry Login page","timestamp":"2017-11-10T07:12:53.324Z"}
{"level":"info","message":"Entry Login page","timestamp":"2017-11-10T07:13:13.056Z"}
{"level":"info","message":"Ramu Entry Home page","timestamp":"2017-11-10T07:13:13.316Z"}
{"level":"info","message":"Ramu Logout page","timestamp":"2017-11-10T07:13:27.261Z"}
{"level":"info","message":"Entry Login page","timestamp":"2017-11-10T07:13:50.164Z"}
{"level":"info","message":"Ramu Entry Home page","timestamp":"2017-11-10T07:13:50.323Z"}
{"level":"info","message":"undefined Entry Home page","timestamp":"2017-11-10T07:21:10.294Z"}
{"level":"info","message":"Entry Login page","timestamp":"2017-11-10T09:05:14.908Z"}
{"level":"info","message":"Ramu Entry Home page","timestamp":"2017-11-10T09:05:15.181Z"}
{"level":"info","message":"undefined Entry host12 page","timestamp":"2017-11-10T09:05:19.087Z"}
{"level":"info","message":"undefined Entry host12 page","timestamp":"2017-11-10T09:06:04.474Z"}
{"level":"info","message":"undefined Entry host12 page","timestamp":"2017-11-10T09:06:09.570Z"}
{"level":"info","message":"undefined Entry host12 page","timestamp":"2017-11-10T09:06:12.554Z"}
{"level":"info","message":"undefined Entry host12 page","timestamp":"2017-11-10T09:06:26.419Z"}
{"level":"info","message":"Entry Login page","timestamp":"2017-11-10T09:07:31.315Z"}
{"level":"info","message":"Ramu Entry Home page","timestamp":"2017-11-10T09:07:31.607Z"}
{"level":"info","message":"undefined Entry host12 page","timestamp":"2017-11-10T09:07:34.442Z"}
{"level":"info","message":"undefined Entry host12 page","timestamp":"2017-11-10T09:09:34.447Z"}
{"level":"info","message":"undefined Entry host12 page","timestamp":"2017-11-10T09:13:04.274Z"}
{"level":"info","message":"undefined Entry host12 page","timestamp":"2017-11-10T09:15:04.276Z"}
{"level":"info","message":"Entry Login page","timestamp":"2017-11-10T13:17:41.491Z"}
{"level":"info","message":"undefined Entry host12 page","timestamp":"2017-11-10T13:17:46.412Z"}
{"level":"info","message":"undefined Entry host12 page","timestamp":"2017-11-10T13:19:46.414Z"}
{"level":"info","message":"undefined Entry host12 page","timestamp":"2017-11-10T13:21:10.067Z"}
{"level":"info","message":"undefined Entry host12 page","timestamp":"2017-11-10T13:21:15.918Z"}
{"level":"info","message":"undefined Entry host12 page","timestamp":"2017-11-10T13:21:17.506Z"}
{"level":"info","message":"undefined Entry host12 page","timestamp":"2017-11-10T13:21:17.516Z"}
{"level":"info","message":"Entry Login page","timestamp":"2017-11-10T13:21:34.320Z"}
{"level":"info","message":"undefined Entry host12 page","timestamp":"2017-11-10T13:21:40.099Z"}
{"level":"info","message":"undefined Entry host12 page","timestamp":"2017-11-10T13:21:43.331Z"}
{"level":"info","message":"undefined Entry host12 page","timestamp":"2017-11-10T13:21:48.673Z"}
{"level":"info","message":"undefined Entry host12 page","timestamp":"2017-11-10T13:23:40.103Z"}
{"level":"info","message":"undefined Entry host12 page","timestamp":"2017-11-10T13:23:43.333Z"}
{"level":"info","message":"undefined Entry host12 page","timestamp":"2017-11-10T13:23:48.672Z"}
{"level":"info","message":"Entry Login page","timestamp":"2017-11-10T13:24:59.981Z"}
{"level":"info","message":"undefined Entry host12 page","timestamp":"2017-11-10T13:25:04.651Z"}
{"level":"info","message":"Entry Login page","timestamp":"2017-11-10T13:29:55.824Z"}
{"level":"info","message":"undefined Entry host12 page","timestamp":"2017-11-10T13:30:12.504Z"}
{"level":"info","message":"Entry Login page","timestamp":"2017-11-10T13:30:30.886Z"}
{"level":"info","message":"undefined Entry host12 page","timestamp":"2017-11-10T13:30:42.799Z"}
{"level":"info","message":"undefined Entry host12 page","timestamp":"2017-11-10T13:31:17.793Z"}
{"level":"info","message":"Entry Login page","timestamp":"2017-11-10T13:31:33.374Z"}
{"level":"info","message":"undefined Entry host12 page","timestamp":"2017-11-10T13:33:32.443Z"}
{"level":"info","message":"undefined Entry host12 page","timestamp":"2017-11-10T13:34:09.201Z"}
{"level":"info","message":"undefined Entry host12 page","timestamp":"2017-11-10T13:37:31.994Z"}
{"level":"info","message":"Entry Login page","timestamp":"2017-11-10T13:54:01.775Z"}
{"level":"info","message":"undefined Entry host12 page","timestamp":"2017-11-10T13:54:12.357Z"}
{"level":"info","message":"undefined Entry host12 page","timestamp":"2017-11-10T13:58:16.568Z"}
{"level":"info","message":"undefined Entry host12 page","timestamp":"2017-11-10T14:00:48.434Z"}
{"level":"info","message":"undefined Entry host12 page","timestamp":"2017-11-10T14:01:19.135Z"}
{"level":"info","message":"undefined Entry host12 page","timestamp":"2017-11-10T14:02:10.831Z"}
{"level":"info","message":"undefined Entry host12 page","timestamp":"2017-11-10T14:02:40.911Z"}
{"level":"info","message":"undefined Entry host12 page","timestamp":"2017-11-10T14:03:40.601Z"}
{"level":"info","message":"undefined Entry host12 page","timestamp":"2017-11-10T14:04:35.657Z"}
{"level":"info","message":"undefined Entry host12 page","timestamp":"2017-11-10T14:06:30.470Z"}
{"level":"info","message":"Ramu Logout page","timestamp":"2017-11-10T14:08:51.338Z"}
{"level":"info","message":"Entry Login page","timestamp":"2017-11-10T14:09:02.669Z"}
{"level":"info","message":"undefined Entry host12 page","timestamp":"2017-11-10T14:09:49.554Z"}
{"level":"info","message":"undefined Entry host12 page","timestamp":"2017-11-10T14:11:07.079Z"}
{"level":"info","message":"undefined Entry host12 page","timestamp":"2017-11-10T14:13:30.607Z"}
{"level":"info","message":"undefined Entry host12 page","timestamp":"2017-11-10T14:15:48.233Z"}
{"level":"info","message":"undefined Entry host12 page","timestamp":"2017-11-10T14:16:51.348Z"}
{"level":"info","message":"undefined Entry host12 page","timestamp":"2017-11-10T14:17:48.238Z"}
{"level":"info","message":"undefined Entry host12 page","timestamp":"2017-11-10T14:18:17.062Z"}
{"level":"info","message":"undefined Entry host12 page","timestamp":"2017-11-10T14:20:09.907Z"}
{"level":"info","message":"Ramu Logout page","timestamp":"2017-11-10T14:21:25.059Z"}
{"level":"info","message":"Entry Login page","timestamp":"2017-11-10T14:21:38.862Z"}
{"level":"info","message":"undefined Entry host12 page","timestamp":"2017-11-10T14:21:43.295Z"}
{"level":"info","message":"Ramu Logout page","timestamp":"2017-11-10T14:21:47.493Z"}
{"level":"info","message":"Entry Login page","timestamp":"2017-11-10T14:22:00.073Z"}
{"level":"info","message":"undefined Entry host12 page","timestamp":"2017-11-10T14:23:25.832Z"}
{"level":"info","message":"undefined Entry host12 page","timestamp":"2017-11-10T14:29:29.121Z"}
{"level":"info","message":"undefined Entry host12 page","timestamp":"2017-11-10T14:31:29.123Z"}
{"level":"info","message":"undefined Entry host12 page","timestamp":"2017-11-10T14:32:13.070Z"}
{"level":"info","message":"undefined Entry host12 page","timestamp":"2017-11-10T14:34:41.007Z"}
{"level":"info","message":"undefined Entry host12 page","timestamp":"2017-11-10T14:35:39.854Z"}
{"level":"info","message":"undefined Entry host12 page","timestamp":"2017-11-10T14:36:11.567Z"}
{"level":"info","message":"undefined Entry host12 page","timestamp":"2017-11-10T14:37:39.856Z"}
{"level":"info","message":"undefined Entry host12 page","timestamp":"2017-11-10T14:39:11.521Z"}
{"level":"info","message":"undefined Entry host12 page","timestamp":"2017-11-10T14:41:35.905Z"}
{"level":"info","message":"undefined Entry host12 page","timestamp":"2017-11-10T14:41:44.578Z"}
{"level":"info","message":"Entry Login page","timestamp":"2017-11-10T15:47:39.723Z"}
{"level":"info","message":"Entry Login page","timestamp":"2017-11-10T15:49:13.518Z"}
{"level":"info","message":"Entry Login page","timestamp":"2017-11-10T15:50:23.283Z"}
{"level":"info","message":"Entry Login page","timestamp":"2017-11-10T16:06:36.597Z"}
{"level":"info","message":"Entry Login page","timestamp":"2017-11-10T16:11:09.193Z"}
{"level":"info","message":"Entry Login page","timestamp":"2017-11-10T17:08:19.716Z"}
{"level":"info","message":"Entry Login page","timestamp":"2017-11-10T17:16:18.643Z"}
{"level":"info","message":"Entry Login page","timestamp":"2017-11-10T17:45:00.930Z"}
{"level":"info","message":"Entry Login page","timestamp":"2017-11-10T18:02:17.720Z"}
{"level":"info","message":"Entry Login page","timestamp":"2017-11-10T19:07:06.173Z"}
{"level":"info","message":"Entry Login page","timestamp":"2017-11-10T19:15:44.346Z"}
{"level":"info","message":"Entry Login page","timestamp":"2017-11-10T19:17:38.846Z"}
{"level":"info","message":"Entry Login page","timestamp":"2017-11-10T21:36:23.194Z"}
{"level":"info","message":"undefined Logout page","timestamp":"2017-11-10T23:23:23.900Z"}
{"level":"info","message":"undefined Logout page","timestamp":"2017-11-10T23:23:31.604Z"}
{"level":"info","message":"undefined Logout page","timestamp":"2017-11-10T23:23:32.269Z"}
{"level":"info","message":"undefined Logout page","timestamp":"2017-11-10T23:23:32.277Z"}
{"level":"info","message":"undefined Logout page","timestamp":"2017-11-10T23:23:32.663Z"}
{"level":"info","message":"undefined Logout page","timestamp":"2017-11-10T23:23:32.675Z"}
{"level":"info","message":"undefined Logout page","timestamp":"2017-11-10T23:23:33.064Z"}
{"level":"info","message":"undefined Logout page","timestamp":"2017-11-10T23:23:33.463Z"}
{"level":"info","message":"undefined Logout page","timestamp":"2017-11-10T23:23:33.470Z"}
{"level":"info","message":"Entry Login page","timestamp":"2017-11-11T00:06:54.668Z"}
{"level":"info","message":"Entry Login page","timestamp":"2017-11-11T02:25:47.654Z"}
{"level":"info","message":"Entry Login page","timestamp":"2017-11-11T02:39:35.597Z"}
{"level":"info","message":"Entry Login page","timestamp":"2017-11-11T04:15:59.009Z"}
{"level":"info","message":"Entry Login page","timestamp":"2017-11-11T04:18:28.419Z"}
{"level":"info","message":"Entry Login page","timestamp":"2017-11-11T06:54:00.742Z"}
{"level":"info","message":"Entry Login page","timestamp":"2017-11-11T07:10:57.000Z"}
{"level":"info","message":"Entry Login page","timestamp":"2017-11-11T07:12:20.691Z"}
{"level":"info","message":"Entry Login page","timestamp":"2017-11-11T07:13:20.977Z"}
{"level":"info","message":"Entry Login page","timestamp":"2017-11-11T08:25:52.898Z"}
{"level":"info","message":"Entry Login page","timestamp":"2017-11-11T08:35:22.027Z"}
{"level":"info","message":"Entry Login page","timestamp":"2017-11-11T08:38:20.610Z"}
{"level":"info","message":"Entry Login page","timestamp":"2017-11-11T08:39:42.783Z"}
{"level":"info","message":"Entry Login page","timestamp":"2017-11-11T08:40:15.586Z"}
{"level":"info","message":"Entry Login page","timestamp":"2017-11-11T08:42:09.180Z"}
{"level":"info","message":"Entry Login page","timestamp":"2017-11-11T16:42:39.065Z"}
{"level":"info","message":"Entry Login page","timestamp":"2017-11-11T16:44:37.191Z"}
{"level":"info","message":"Entry Login page","timestamp":"2017-11-11T16:46:40.012Z"}
{"level":"info","message":"Entry Login page","timestamp":"2017-11-11T16:49:52.018Z"}
{"level":"info","message":"Ramu Logout page","timestamp":"2017-11-11T16:50:57.718Z"}
{"level":"info","message":"Entry Login page","timestamp":"2017-11-11T16:51:10.283Z"}
{"level":"info","message":"Entry Login page","timestamp":"2017-11-11T17:00:37.557Z"}
{"level":"info","message":"Entry Login page","timestamp":"2017-11-11T17:06:51.158Z"}
{"level":"info","message":"Entry Login page","timestamp":"2017-11-11T17:13:30.355Z"}
{"level":"info","message":"Entry Login page","timestamp":"2017-11-11T18:47:29.515Z"}
{"level":"info","message":"Ramu Logout page","timestamp":"2017-11-11T18:57:25.859Z"}
{"level":"info","message":"Entry Login page","timestamp":"2017-11-11T18:57:46.312Z"}
{"level":"info","message":"undefined Logout page","timestamp":"2017-11-11T20:34:39.269Z"}
{"level":"info","message":"Entry Login page","timestamp":"2017-11-11T20:36:06.428Z"}
{"level":"info","message":"Entry Login page","timestamp":"2017-11-11T20:47:08.181Z"}
{"level":"info","message":"Entry Login page","timestamp":"2017-11-11T21:21:02.180Z"}
{"level":"info","message":"Entry Login page","timestamp":"2017-11-11T21:22:02.342Z"}
{"level":"info","message":"Entry Login page","timestamp":"2017-11-11T21:25:27.343Z"}
{"level":"info","message":"Entry Login page","timestamp":"2017-11-12T03:19:32.258Z"}
{"level":"info","message":"Ramu Entry host2 page","timestamp":"2017-11-12T03:19:43.900Z"}
{"level":"info","message":"Ramu Entry host1 page","timestamp":"2017-11-12T03:20:04.058Z"}
{"level":"info","message":"Entry Login page","timestamp":"2017-11-12T04:50:02.224Z"}
{"level":"info","message":"Ramu Entry host1 page","timestamp":"2017-11-12T04:50:09.020Z"}
{"level":"info","message":"Entry Login page","timestamp":"2017-11-12T05:11:17.580Z"}
{"level":"info","message":"Ramu Entry host1 page","timestamp":"2017-11-12T05:11:20.574Z"}
{"level":"info","message":"Entry Login page","timestamp":"2017-11-12T18:55:32.736Z"}
{"level":"info","message":"Entry Login page","timestamp":"2017-11-12T19:01:23.983Z"}
{"level":"info","message":"Ramu Entry host1 page","timestamp":"2017-11-12T19:09:21.442Z"}
{"level":"info","message":"Entry Login page","timestamp":"2017-11-12T22:09:06.673Z"}
{"level":"info","message":"Entry Login page","timestamp":"2017-11-12T22:14:14.272Z"}
{"level":"info","message":"Entry Login page","timestamp":"2017-11-12T22:22:28.943Z"}
{"level":"info","message":"Entry Login page","timestamp":"2017-11-12T22:31:20.834Z"}
{"level":"info","message":"Entry Login page","timestamp":"2017-11-12T22:32:23.883Z"}
{"level":"info","message":"Entry Login page","timestamp":"2017-11-12T22:33:30.679Z"}
{"level":"info","message":"Entry Login page","timestamp":"2017-11-12T22:38:14.312Z"}
{"level":"info","message":"Entry Login page","timestamp":"2017-11-12T22:39:02.510Z"}
{"level":"info","message":"Entry Login page","timestamp":"2017-11-12T22:40:33.241Z"}
{"level":"info","message":"Entry Login page","timestamp":"2017-11-12T22:45:21.494Z"}
{"level":"info","message":"Entry Login page","timestamp":"2017-11-12T22:46:48.556Z"}
{"level":"info","message":"Entry Login page","timestamp":"2017-11-12T22:48:16.517Z"}
{"level":"info","message":"Entry Login page","timestamp":"2017-11-12T22:54:21.505Z"}
{"level":"info","message":"Entry Login page","timestamp":"2017-11-12T23:07:41.534Z"}
{"level":"info","message":"Entry Login page","timestamp":"2017-11-12T23:09:12.076Z"}
{"level":"info","message":"Entry Login page","timestamp":"2017-11-12T23:10:56.302Z"}
{"level":"info","message":"Entry Login page","timestamp":"2017-11-12T23:51:26.514Z"}
{"level":"info","message":"Entry Login page","timestamp":"2017-11-12T23:52:34.194Z"}
{"level":"info","message":"undefined Entry host12 page","timestamp":"2017-11-12T23:54:31.132Z"}
{"level":"info","message":"Ramu Logout page","timestamp":"2017-11-12T23:55:43.788Z"}
{"level":"info","message":"Entry Login page","timestamp":"2017-11-12T23:55:58.331Z"}
{"level":"info","message":"Entry Login page","timestamp":"2017-11-12T23:57:20.705Z"}
{"level":"info","message":"Entry Login page","timestamp":"2017-11-13T00:40:41.743Z"}
{"level":"info","message":"Ramu Entry host1 page","timestamp":"2017-11-13T00:40:55.376Z"}
{"level":"info","message":"Entry Login page","timestamp":"2017-11-13T01:22:40.761Z"}
{"level":"info","message":"Ramu Entry host1 page","timestamp":"2017-11-13T01:24:07.765Z"}
{"level":"info","message":"Entry Login page","timestamp":"2017-11-13T01:24:32.337Z"}
{"level":"info","message":"Ramu Entry host1 page","timestamp":"2017-11-13T01:49:19.264Z"}
{"level":"info","message":"Entry Login page","timestamp":"2017-11-13T01:58:47.489Z"}
{"level":"info","message":"Entry Login page","timestamp":"2017-11-13T02:07:02.097Z"}
{"level":"info","message":"undefined Entry host12 page","timestamp":"2017-11-13T02:17:30.806Z"}
{"level":"info","message":"Entry Login page","timestamp":"2017-11-13T02:18:44.848Z"}
{"level":"info","message":"undefined Entry host12 page","timestamp":"2017-11-13T02:18:56.599Z"}
{"level":"info","message":"Entry Login page","timestamp":"2017-11-13T02:19:13.862Z"}
{"level":"info","message":"Entry Login page","timestamp":"2017-11-13T02:20:23.919Z"}
{"level":"info","message":"undefined Entry host12 page","timestamp":"2017-11-13T02:20:33.378Z"}
{"level":"info","message":"Entry Login page","timestamp":"2017-11-13T02:21:08.456Z"}
{"level":"info","message":"undefined Entry host12 page","timestamp":"2017-11-13T02:21:13.473Z"}
{"level":"info","message":"Entry Login page","timestamp":"2017-11-13T02:21:28.103Z"}
{"level":"info","message":"Ramu Logout page","timestamp":"2017-11-13T02:46:00.720Z"}
{"level":"info","message":"Entry Login page","timestamp":"2017-11-13T02:47:58.652Z"}
{"level":"info","message":"abc@gmail.com Logout page","timestamp":"2017-11-13T03:11:48.961Z"}
{"level":"info","message":"Entry Login page","timestamp":"2017-11-13T03:12:03.219Z"}
{"level":"info","message":"abc@gmail.com Logout page","timestamp":"2017-11-13T03:12:19.236Z"}
{"level":"info","message":"Entry Login page","timestamp":"2017-11-13T03:12:27.277Z"}
{"level":"info","message":"Ramu Logout page","timestamp":"2017-11-13T03:17:11.526Z"}
{"level":"info","message":"Entry Login page","timestamp":"2017-11-13T03:17:24.334Z"}
{"level":"info","message":"abc@gmail.com Entry host1 page","timestamp":"2017-11-13T03:18:20.576Z"}
{"level":"info","message":"abc@gmail.com Entry host1 page","timestamp":"2017-11-13T03:19:04.693Z"}
{"level":"info","message":"Entry Login page","timestamp":"2017-11-13T04:31:45.626Z"}
{"level":"info","message":"Entry Login page","timestamp":"2017-11-13T04:33:19.443Z"}
{"level":"info","message":"Entry Login page","timestamp":"2017-11-13T04:36:10.670Z"}
{"level":"info","message":"Entry Login page","timestamp":"2017-11-13T04:47:51.764Z"}
{"level":"info","message":"Entry Login page","timestamp":"2017-11-13T06:35:12.067Z"}
